{"C:\\Users\\Angel Joy\\Desktop\\Code\\JavaScript-Capstone\\src\\modules\\counter.js": {"path":"C:\\Users\\Angel Joy\\Desktop\\Code\\JavaScript-Capstone\\src\\modules\\counter.js","statementMap":{"0":{"start":{"line":2,"column":23},"end":{"line":4,"column":3}},"1":{"start":{"line":3,"column":4},"end":{"line":3,"column":27}}},"fnMap":{"0":{"name":"(anonymous_0)","decl":{"start":{"line":2,"column":23},"end":{"line":2,"column":24}},"loc":{"start":{"line":2,"column":46},"end":{"line":4,"column":3}},"line":2}},"branchMap":{},"s":{"0":1,"1":1},"f":{"0":1},"b":{},"_coverageSchema":"1a1c01bbd47fc00a2c39e90264f33305004495a9","hash":"fd2d042125bba1b25eb313f21e1dbb4f2c61e4e1"}
}
